<?xml version="1.0" encoding="UTF-8"?>
<!-- Generated by org.testng.reporters.JUnitReportReporter -->
<testsuite skipped="0" hostname="OjOPC" name="com.ojodev.cucumber.test.runner.TestRunner" tests="5" failures="0" timestamp="12 nov 2018 23:38:29 GMT" time="18.283" errors="0">
  <testcase name="feature" time="3.010" classname="com.ojodev.cucumber.test.runner.TestRunner"/>
  <testcase name="feature" time="2.889" classname="com.ojodev.cucumber.test.runner.TestRunner"/>
  <testcase name="feature" time="3.556" classname="com.ojodev.cucumber.test.runner.TestRunner"/>
  <testcase name="feature" time="5.703" classname="com.ojodev.cucumber.test.runner.TestRunner"/>
  <testcase name="feature" time="3.125" classname="com.ojodev.cucumber.test.runner.TestRunner"/>
</testsuite> <!-- com.ojodev.cucumber.test.runner.TestRunner -->
